SF:/var/git/MyAssistant/src/expenses-api/Api/Resources/Investments/Controller.cs
FN:33,System.String MyAssistant.Apis.Expenses.Api.Resources.Investments.InvestmentsController::GetUserId()
FNDA:8,System.String MyAssistant.Apis.Expenses.Api.Resources.Investments.InvestmentsController::GetUserId()
DA:34,8
DA:35,8
DA:36,8
DA:37,8
DA:38,8
BRDA:35,18,0,0
BRDA:35,18,1,8
BRDA:35,30,0,0
BRDA:35,50,0,0
BRDA:35,50,1,0
BRDA:35,62,0,0
BRDA:35,30,1,8
BRDA:35,62,1,8
FN:22,System.Void MyAssistant.Apis.Expenses.Api.Resources.Investments.InvestmentsController::.ctor(MyAssistant.Apis.Expenses.Api.Resources.Investments.IPortfoliosService,MyAssistant.Apis.Expenses.Api.Resources.Investments.ITransactionsService,Microsoft.Extensions.Logging.ILogger`1<MyAssistant.Apis.Expenses.Api.Resources.Investments.InvestmentsController>)
FNDA:12,System.Void MyAssistant.Apis.Expenses.Api.Resources.Investments.InvestmentsController::.ctor(MyAssistant.Apis.Expenses.Api.Resources.Investments.IPortfoliosService,MyAssistant.Apis.Expenses.Api.Resources.Investments.ITransactionsService,Microsoft.Extensions.Logging.ILogger`1<MyAssistant.Apis.Expenses.Api.Resources.Investments.InvestmentsController>)
DA:23,12
DA:24,12
DA:25,12
DA:26,12
DA:27,12
DA:28,12
DA:29,12
DA:30,12
DA:31,12
FN:80,MyAssistant.Apis.Expenses.Api.Resources.Investments.PortfolioResponse MyAssistant.Apis.Expenses.Api.Resources.Investments.InvestmentsController/<>c::<GetUserPortfolios>b__6_0(MyAssistant.Apis.Expenses.Api.Resources.Investments.Portfolio)
FNDA:3,MyAssistant.Apis.Expenses.Api.Resources.Investments.PortfolioResponse MyAssistant.Apis.Expenses.Api.Resources.Investments.InvestmentsController/<>c::<GetUserPortfolios>b__6_0(MyAssistant.Apis.Expenses.Api.Resources.Investments.Portfolio)
DA:81,3
DA:82,3
DA:83,3
DA:84,3
DA:85,3
DA:86,3
DA:87,3
DA:88,3
FN:186,System.Void MyAssistant.Apis.Expenses.Api.Resources.Investments.InvestmentsController/<AddTransaction>d__10::MoveNext()
FNDA:3,System.Void MyAssistant.Apis.Expenses.Api.Resources.Investments.InvestmentsController/<AddTransaction>d__10::MoveNext()
DA:187,3
DA:188,3
DA:189,3
DA:190,2
DA:192,1
DA:193,1
DA:194,1
DA:195,1
DA:196,1
DA:197,1
DA:198,1
DA:199,1
DA:200,1
DA:201,1
DA:202,1
DA:204,1
DA:206,1
DA:207,1
DA:208,1
DA:209,1
DA:210,1
DA:211,1
DA:212,1
DA:213,1
DA:214,1
DA:215,1
DA:216,1
DA:217,1
DA:218,1
DA:219,1
DA:221,1
DA:222,3
BRDA:189,179,0,2
BRDA:189,179,1,1
BRDA:189,215,0,2
BRDA:189,215,1,1
FN:49,System.Void MyAssistant.Apis.Expenses.Api.Resources.Investments.InvestmentsController/<CreatePortfolio>d__5::MoveNext()
FNDA:1,System.Void MyAssistant.Apis.Expenses.Api.Resources.Investments.InvestmentsController/<CreatePortfolio>d__5::MoveNext()
DA:50,1
DA:51,1
DA:52,1
DA:53,1
DA:54,1
DA:55,1
DA:56,1
DA:58,1
DA:60,1
DA:61,1
DA:62,1
DA:63,1
DA:64,1
DA:65,1
DA:66,1
DA:67,1
DA:69,1
DA:70,1
FN:162,System.Void MyAssistant.Apis.Expenses.Api.Resources.Investments.InvestmentsController/<DeletePortfolio>d__9::MoveNext()
FNDA:2,System.Void MyAssistant.Apis.Expenses.Api.Resources.Investments.InvestmentsController/<DeletePortfolio>d__9::MoveNext()
DA:163,2
DA:164,2
DA:166,2
DA:167,1
DA:168,1
DA:171,1
DA:172,1
DA:173,2
BRDA:166,174,0,1
BRDA:166,174,1,1
BRDA:166,210,0,1
BRDA:166,210,1,1
FN:100,System.Void MyAssistant.Apis.Expenses.Api.Resources.Investments.InvestmentsController/<GetPortfolio>d__7::MoveNext()
FNDA:3,System.Void MyAssistant.Apis.Expenses.Api.Resources.Investments.InvestmentsController/<GetPortfolio>d__7::MoveNext()
DA:101,3
DA:102,3
DA:104,3
DA:105,2
DA:106,2
DA:109,1
DA:110,1
DA:111,1
DA:112,1
DA:113,1
DA:114,1
DA:115,1
DA:116,1
DA:118,1
DA:119,3
BRDA:104,163,0,2
BRDA:104,163,1,1
BRDA:104,199,0,2
BRDA:104,199,1,1
FN:77,System.Void MyAssistant.Apis.Expenses.Api.Resources.Investments.InvestmentsController/<GetUserPortfolios>d__6::MoveNext()
FNDA:1,System.Void MyAssistant.Apis.Expenses.Api.Resources.Investments.InvestmentsController/<GetUserPortfolios>d__6::MoveNext()
DA:78,1
DA:79,1
DA:90,1
DA:91,1
FN:129,System.Void MyAssistant.Apis.Expenses.Api.Resources.Investments.InvestmentsController/<UpdatePortfolio>d__8::MoveNext()
FNDA:2,System.Void MyAssistant.Apis.Expenses.Api.Resources.Investments.InvestmentsController/<UpdatePortfolio>d__8::MoveNext()
DA:130,2
DA:131,2
DA:133,2
DA:134,1
DA:135,1
DA:138,1
DA:139,1
DA:141,1
DA:143,1
DA:144,1
DA:145,1
DA:146,1
DA:147,1
DA:148,1
DA:149,1
DA:150,1
DA:152,1
DA:153,2
BRDA:133,174,0,1
BRDA:133,174,1,1
BRDA:133,210,0,1
BRDA:133,210,1,1
LF:117
LH:117
BRF:24
BRH:19
FNF:9
FNH:9
end_of_record
SF:/var/git/MyAssistant/src/expenses-api/Api/Resources/Investments/Investment.cs
FN:7,System.String MyAssistant.Apis.Expenses.Api.Resources.Investments.Investment::get_Id()
FNDA:0,System.String MyAssistant.Apis.Expenses.Api.Resources.Investments.Investment::get_Id()
DA:8,0
FN:9,MyAssistant.Apis.Expenses.Api.Resources.Investments.PortfolioDto MyAssistant.Apis.Expenses.Api.Resources.Investments.Investment::get_Portfolio()
FNDA:0,MyAssistant.Apis.Expenses.Api.Resources.Investments.PortfolioDto MyAssistant.Apis.Expenses.Api.Resources.Investments.Investment::get_Portfolio()
DA:10,0
FN:11,System.String MyAssistant.Apis.Expenses.Api.Resources.Investments.Investment::get_Symbol()
FNDA:0,System.String MyAssistant.Apis.Expenses.Api.Resources.Investments.Investment::get_Symbol()
DA:12,0
FN:13,System.String MyAssistant.Apis.Expenses.Api.Resources.Investments.Investment::get_AssetType()
FNDA:0,System.String MyAssistant.Apis.Expenses.Api.Resources.Investments.Investment::get_AssetType()
DA:14,0
FN:15,System.DateTime MyAssistant.Apis.Expenses.Api.Resources.Investments.Investment::get_Date()
FNDA:0,System.DateTime MyAssistant.Apis.Expenses.Api.Resources.Investments.Investment::get_Date()
DA:16,0
FN:17,System.Decimal MyAssistant.Apis.Expenses.Api.Resources.Investments.Investment::get_NetQuantity()
FNDA:0,System.Decimal MyAssistant.Apis.Expenses.Api.Resources.Investments.Investment::get_NetQuantity()
DA:18,0
FN:19,System.Decimal MyAssistant.Apis.Expenses.Api.Resources.Investments.Investment::get_AvgCostBasis()
FNDA:0,System.Decimal MyAssistant.Apis.Expenses.Api.Resources.Investments.Investment::get_AvgCostBasis()
DA:20,0
FN:21,System.Decimal MyAssistant.Apis.Expenses.Api.Resources.Investments.Investment::get_CurrentPrice()
FNDA:0,System.Decimal MyAssistant.Apis.Expenses.Api.Resources.Investments.Investment::get_CurrentPrice()
DA:22,0
FN:23,System.Decimal MyAssistant.Apis.Expenses.Api.Resources.Investments.Investment::get_MarketValue()
FNDA:0,System.Decimal MyAssistant.Apis.Expenses.Api.Resources.Investments.Investment::get_MarketValue()
DA:24,0
FN:25,System.Decimal MyAssistant.Apis.Expenses.Api.Resources.Investments.Investment::get_UnrealizedGain()
FNDA:0,System.Decimal MyAssistant.Apis.Expenses.Api.Resources.Investments.Investment::get_UnrealizedGain()
DA:26,0
FN:27,System.Decimal MyAssistant.Apis.Expenses.Api.Resources.Investments.Investment::get_RealizedGain()
FNDA:0,System.Decimal MyAssistant.Apis.Expenses.Api.Resources.Investments.Investment::get_RealizedGain()
DA:28,0
FN:29,System.DateTime MyAssistant.Apis.Expenses.Api.Resources.Investments.Investment::get_CreatedAt()
FNDA:0,System.DateTime MyAssistant.Apis.Expenses.Api.Resources.Investments.Investment::get_CreatedAt()
DA:30,0
FN:31,System.DateTime MyAssistant.Apis.Expenses.Api.Resources.Investments.Investment::get_UpdatedAt()
FNDA:0,System.DateTime MyAssistant.Apis.Expenses.Api.Resources.Investments.Investment::get_UpdatedAt()
DA:32,0
LF:13
LH:0
BRF:0
BRH:0
FNF:13
FNH:0
end_of_record
SF:/var/git/MyAssistant/src/expenses-api/Api/Resources/Investments/IServiceCollectionExtensions.cs
FN:7,Microsoft.Extensions.DependencyInjection.IServiceCollection MyAssistant.Apis.Expenses.Api.Resources.Investments.IServiceCollectionExtensions::RegisterInvestmentsFeatures(Microsoft.Extensions.DependencyInjection.IServiceCollection)
FNDA:0,Microsoft.Extensions.DependencyInjection.IServiceCollection MyAssistant.Apis.Expenses.Api.Resources.Investments.IServiceCollectionExtensions::RegisterInvestmentsFeatures(Microsoft.Extensions.DependencyInjection.IServiceCollection)
DA:8,0
DA:9,0
DA:10,0
DA:11,0
DA:12,0
DA:13,0
DA:14,0
DA:15,0
DA:16,0
LF:9
LH:0
BRF:0
BRH:0
FNF:1
FNH:0
end_of_record
SF:/var/git/MyAssistant/src/expenses-api/Api/Resources/Investments/Portfolio.cs
FN:7,System.String MyAssistant.Apis.Expenses.Api.Resources.Investments.Portfolio::get_Id()
FNDA:41,System.String MyAssistant.Apis.Expenses.Api.Resources.Investments.Portfolio::get_Id()
DA:8,41
FN:9,System.String MyAssistant.Apis.Expenses.Api.Resources.Investments.Portfolio::get_UserId()
FNDA:28,System.String MyAssistant.Apis.Expenses.Api.Resources.Investments.Portfolio::get_UserId()
DA:10,28
FN:11,System.String MyAssistant.Apis.Expenses.Api.Resources.Investments.Portfolio::get_Name()
FNDA:26,System.String MyAssistant.Apis.Expenses.Api.Resources.Investments.Portfolio::get_Name()
DA:12,26
FN:13,System.String MyAssistant.Apis.Expenses.Api.Resources.Investments.Portfolio::get_Description()
FNDA:7,System.String MyAssistant.Apis.Expenses.Api.Resources.Investments.Portfolio::get_Description()
DA:14,7
FN:15,System.DateTime MyAssistant.Apis.Expenses.Api.Resources.Investments.Portfolio::get_CreatedAt()
FNDA:13,System.DateTime MyAssistant.Apis.Expenses.Api.Resources.Investments.Portfolio::get_CreatedAt()
DA:16,13
FN:17,System.DateTime MyAssistant.Apis.Expenses.Api.Resources.Investments.Portfolio::get_UpdatedAt()
FNDA:14,System.DateTime MyAssistant.Apis.Expenses.Api.Resources.Investments.Portfolio::get_UpdatedAt()
DA:18,14
FN:22,System.String MyAssistant.Apis.Expenses.Api.Resources.Investments.PortfolioDto::get_Id()
FNDA:8,System.String MyAssistant.Apis.Expenses.Api.Resources.Investments.PortfolioDto::get_Id()
DA:23,8
FN:23,System.String MyAssistant.Apis.Expenses.Api.Resources.Investments.PortfolioDto::get_Name()
FNDA:8,System.String MyAssistant.Apis.Expenses.Api.Resources.Investments.PortfolioDto::get_Name()
DA:24,8
LF:8
LH:8
BRF:0
BRH:0
FNF:8
FNH:8
end_of_record
SF:/var/git/MyAssistant/src/expenses-api/Api/Resources/Investments/Repositories.cs
FN:45,System.Threading.Tasks.Task`1<MyAssistant.Apis.Expenses.Api.Resources.Investments.Transaction> MyAssistant.Apis.Expenses.Api.Resources.Investments.InMemoryTransactionsRepository::AddAsync(MyAssistant.Apis.Expenses.Api.Resources.Investments.Transaction,System.Threading.CancellationToken)
FNDA:4,System.Threading.Tasks.Task`1<MyAssistant.Apis.Expenses.Api.Resources.Investments.Transaction> MyAssistant.Apis.Expenses.Api.Resources.Investments.InMemoryTransactionsRepository::AddAsync(MyAssistant.Apis.Expenses.Api.Resources.Investments.Transaction,System.Threading.CancellationToken)
DA:46,4
DA:47,4
DA:48,4
DA:49,4
DA:50,4
DA:51,4
DA:52,4
FN:39,System.Void MyAssistant.Apis.Expenses.Api.Resources.Investments.InMemoryTransactionsRepository::.ctor()
FNDA:3,System.Void MyAssistant.Apis.Expenses.Api.Resources.Investments.InMemoryTransactionsRepository::.ctor()
DA:40,3
DA:41,3
DA:42,3
DA:43,3
FN:56,System.Void MyAssistant.Apis.Expenses.Api.Resources.Investments.MongoDbTransactionsRepository::.ctor(Microsoft.Extensions.Options.IOptions`1<Library.MongoDb.Configuration.DbConfigurationSettings>)
FNDA:0,System.Void MyAssistant.Apis.Expenses.Api.Resources.Investments.MongoDbTransactionsRepository::.ctor(Microsoft.Extensions.Options.IOptions`1<Library.MongoDb.Configuration.DbConfigurationSettings>)
DA:57,0
DA:58,0
DA:59,0
FN:61,System.Void MyAssistant.Apis.Expenses.Api.Resources.Investments.MongoDbTransactionsRepository/<AddAsync>d__1::MoveNext()
FNDA:0,System.Void MyAssistant.Apis.Expenses.Api.Resources.Investments.MongoDbTransactionsRepository/<AddAsync>d__1::MoveNext()
DA:62,0
DA:63,0
DA:64,0
DA:65,0
DA:66,0
DA:67,0
DA:68,0
FN:82,System.Threading.Tasks.Task MyAssistant.Apis.Expenses.Api.Resources.Investments.InMemoryPortfoliosRepository::AddAsync(MyAssistant.Apis.Expenses.Api.Resources.Investments.Portfolio,System.Threading.CancellationToken)
FNDA:7,System.Threading.Tasks.Task MyAssistant.Apis.Expenses.Api.Resources.Investments.InMemoryPortfoliosRepository::AddAsync(MyAssistant.Apis.Expenses.Api.Resources.Investments.Portfolio,System.Threading.CancellationToken)
DA:83,7
DA:84,7
DA:85,7
DA:86,7
DA:87,7
DA:88,7
DA:89,7
FN:91,System.Threading.Tasks.Task MyAssistant.Apis.Expenses.Api.Resources.Investments.InMemoryPortfoliosRepository::UpdateAsync(MyAssistant.Apis.Expenses.Api.Resources.Investments.Portfolio,System.Threading.CancellationToken)
FNDA:1,System.Threading.Tasks.Task MyAssistant.Apis.Expenses.Api.Resources.Investments.InMemoryPortfoliosRepository::UpdateAsync(MyAssistant.Apis.Expenses.Api.Resources.Investments.Portfolio,System.Threading.CancellationToken)
DA:92,1
DA:93,1
DA:94,0
DA:95,0
DA:97,1
DA:98,1
DA:99,1
DA:100,1
BRDA:93,23,0,0
BRDA:93,23,1,1
FN:102,System.Threading.Tasks.Task MyAssistant.Apis.Expenses.Api.Resources.Investments.InMemoryPortfoliosRepository::DelAsync(System.String,System.Threading.CancellationToken)
FNDA:2,System.Threading.Tasks.Task MyAssistant.Apis.Expenses.Api.Resources.Investments.InMemoryPortfoliosRepository::DelAsync(System.String,System.Threading.CancellationToken)
DA:103,2
DA:104,2
DA:105,1
DA:106,1
DA:108,1
DA:109,2
BRDA:104,18,0,1
BRDA:104,18,1,1
FN:111,System.Threading.Tasks.Task`1<MyAssistant.Apis.Expenses.Api.Resources.Investments.Portfolio> MyAssistant.Apis.Expenses.Api.Resources.Investments.InMemoryPortfoliosRepository::GetByIdAsync(System.String,System.Threading.CancellationToken)
FNDA:4,System.Threading.Tasks.Task`1<MyAssistant.Apis.Expenses.Api.Resources.Investments.Portfolio> MyAssistant.Apis.Expenses.Api.Resources.Investments.InMemoryPortfoliosRepository::GetByIdAsync(System.String,System.Threading.CancellationToken)
DA:112,4
DA:113,4
DA:114,4
BRDA:113,13,0,2
BRDA:113,13,1,2
FN:116,System.Threading.Tasks.Task`1<System.Collections.Generic.IEnumerable`1<MyAssistant.Apis.Expenses.Api.Resources.Investments.Portfolio>> MyAssistant.Apis.Expenses.Api.Resources.Investments.InMemoryPortfoliosRepository::GetByUserIdAsync(System.String,System.Threading.CancellationToken)
FNDA:1,System.Threading.Tasks.Task`1<System.Collections.Generic.IEnumerable`1<MyAssistant.Apis.Expenses.Api.Resources.Investments.Portfolio>> MyAssistant.Apis.Expenses.Api.Resources.Investments.InMemoryPortfoliosRepository::GetByUserIdAsync(System.String,System.Threading.CancellationToken)
DA:117,1
DA:118,4
DA:119,1
FN:75,System.Void MyAssistant.Apis.Expenses.Api.Resources.Investments.InMemoryPortfoliosRepository::.ctor(Microsoft.Extensions.Logging.ILogger`1<MyAssistant.Apis.Expenses.Api.Resources.Investments.InMemoryPortfoliosRepository>)
FNDA:7,System.Void MyAssistant.Apis.Expenses.Api.Resources.Investments.InMemoryPortfoliosRepository::.ctor(Microsoft.Extensions.Logging.ILogger`1<MyAssistant.Apis.Expenses.Api.Resources.Investments.InMemoryPortfoliosRepository>)
DA:76,7
DA:77,7
DA:78,7
DA:79,7
DA:80,7
FN:133,System.Threading.Tasks.Task MyAssistant.Apis.Expenses.Api.Resources.Investments.InMemoryInvestmentsRepository::AddAsync(MyAssistant.Apis.Expenses.Api.Resources.Investments.Investment,System.Threading.CancellationToken)
FNDA:0,System.Threading.Tasks.Task MyAssistant.Apis.Expenses.Api.Resources.Investments.InMemoryInvestmentsRepository::AddAsync(MyAssistant.Apis.Expenses.Api.Resources.Investments.Investment,System.Threading.CancellationToken)
DA:134,0
DA:135,0
DA:136,0
DA:137,0
DA:138,0
DA:139,0
DA:140,0
FN:142,System.Threading.Tasks.Task MyAssistant.Apis.Expenses.Api.Resources.Investments.InMemoryInvestmentsRepository::UpdateAsync(MyAssistant.Apis.Expenses.Api.Resources.Investments.Investment,System.Threading.CancellationToken)
FNDA:0,System.Threading.Tasks.Task MyAssistant.Apis.Expenses.Api.Resources.Investments.InMemoryInvestmentsRepository::UpdateAsync(MyAssistant.Apis.Expenses.Api.Resources.Investments.Investment,System.Threading.CancellationToken)
DA:143,0
DA:144,0
DA:145,0
DA:146,0
DA:148,0
DA:149,0
DA:150,0
DA:151,0
BRDA:144,23,0,0
BRDA:144,23,1,0
FN:153,System.Threading.Tasks.Task MyAssistant.Apis.Expenses.Api.Resources.Investments.InMemoryInvestmentsRepository::DelAsync(System.String,System.Threading.CancellationToken)
FNDA:0,System.Threading.Tasks.Task MyAssistant.Apis.Expenses.Api.Resources.Investments.InMemoryInvestmentsRepository::DelAsync(System.String,System.Threading.CancellationToken)
DA:154,0
DA:155,0
DA:156,0
DA:157,0
DA:159,0
DA:160,0
BRDA:155,18,0,0
BRDA:155,18,1,0
FN:162,System.Threading.Tasks.Task`1<MyAssistant.Apis.Expenses.Api.Resources.Investments.Investment> MyAssistant.Apis.Expenses.Api.Resources.Investments.InMemoryInvestmentsRepository::GetByIdAsync(System.String,System.Threading.CancellationToken)
FNDA:0,System.Threading.Tasks.Task`1<MyAssistant.Apis.Expenses.Api.Resources.Investments.Investment> MyAssistant.Apis.Expenses.Api.Resources.Investments.InMemoryInvestmentsRepository::GetByIdAsync(System.String,System.Threading.CancellationToken)
DA:163,0
DA:164,0
DA:165,0
BRDA:164,13,0,0
BRDA:164,13,1,0
FN:167,System.Threading.Tasks.Task`1<System.Collections.Generic.IEnumerable`1<MyAssistant.Apis.Expenses.Api.Resources.Investments.Investment>> MyAssistant.Apis.Expenses.Api.Resources.Investments.InMemoryInvestmentsRepository::GetByPortfolioIdAsync(System.String,System.Threading.CancellationToken)
FNDA:0,System.Threading.Tasks.Task`1<System.Collections.Generic.IEnumerable`1<MyAssistant.Apis.Expenses.Api.Resources.Investments.Investment>> MyAssistant.Apis.Expenses.Api.Resources.Investments.InMemoryInvestmentsRepository::GetByPortfolioIdAsync(System.String,System.Threading.CancellationToken)
DA:168,0
DA:169,0
DA:170,0
FN:126,System.Void MyAssistant.Apis.Expenses.Api.Resources.Investments.InMemoryInvestmentsRepository::.ctor(Microsoft.Extensions.Logging.ILogger`1<MyAssistant.Apis.Expenses.Api.Resources.Investments.InMemoryInvestmentsRepository>)
FNDA:0,System.Void MyAssistant.Apis.Expenses.Api.Resources.Investments.InMemoryInvestmentsRepository::.ctor(Microsoft.Extensions.Logging.ILogger`1<MyAssistant.Apis.Expenses.Api.Resources.Investments.InMemoryInvestmentsRepository>)
DA:127,0
DA:128,0
DA:129,0
DA:130,0
DA:131,0
FN:179,System.Threading.Tasks.Task MyAssistant.Apis.Expenses.Api.Resources.Investments.MongoDbPortfoliosRepository::AddAsync(MyAssistant.Apis.Expenses.Api.Resources.Investments.Portfolio,System.Threading.CancellationToken)
FNDA:0,System.Threading.Tasks.Task MyAssistant.Apis.Expenses.Api.Resources.Investments.MongoDbPortfoliosRepository::AddAsync(MyAssistant.Apis.Expenses.Api.Resources.Investments.Portfolio,System.Threading.CancellationToken)
DA:180,0
DA:181,0
DA:182,0
DA:183,0
DA:184,0
DA:185,0
FN:187,System.Threading.Tasks.Task MyAssistant.Apis.Expenses.Api.Resources.Investments.MongoDbPortfoliosRepository::UpdateAsync(MyAssistant.Apis.Expenses.Api.Resources.Investments.Portfolio,System.Threading.CancellationToken)
FNDA:0,System.Threading.Tasks.Task MyAssistant.Apis.Expenses.Api.Resources.Investments.MongoDbPortfoliosRepository::UpdateAsync(MyAssistant.Apis.Expenses.Api.Resources.Investments.Portfolio,System.Threading.CancellationToken)
DA:188,0
DA:189,0
DA:190,0
DA:191,0
FN:193,System.Threading.Tasks.Task MyAssistant.Apis.Expenses.Api.Resources.Investments.MongoDbPortfoliosRepository::DelAsync(System.String,System.Threading.CancellationToken)
FNDA:0,System.Threading.Tasks.Task MyAssistant.Apis.Expenses.Api.Resources.Investments.MongoDbPortfoliosRepository::DelAsync(System.String,System.Threading.CancellationToken)
DA:194,0
DA:195,0
DA:196,0
FN:198,System.Threading.Tasks.Task`1<MyAssistant.Apis.Expenses.Api.Resources.Investments.Portfolio> MyAssistant.Apis.Expenses.Api.Resources.Investments.MongoDbPortfoliosRepository::GetByIdAsync(System.String,System.Threading.CancellationToken)
FNDA:0,System.Threading.Tasks.Task`1<MyAssistant.Apis.Expenses.Api.Resources.Investments.Portfolio> MyAssistant.Apis.Expenses.Api.Resources.Investments.MongoDbPortfoliosRepository::GetByIdAsync(System.String,System.Threading.CancellationToken)
DA:199,0
DA:200,0
DA:201,0
FN:203,System.Threading.Tasks.Task`1<System.Collections.Generic.IEnumerable`1<MyAssistant.Apis.Expenses.Api.Resources.Investments.Portfolio>> MyAssistant.Apis.Expenses.Api.Resources.Investments.MongoDbPortfoliosRepository::GetByUserIdAsync(System.String,System.Threading.CancellationToken)
FNDA:0,System.Threading.Tasks.Task`1<System.Collections.Generic.IEnumerable`1<MyAssistant.Apis.Expenses.Api.Resources.Investments.Portfolio>> MyAssistant.Apis.Expenses.Api.Resources.Investments.MongoDbPortfoliosRepository::GetByUserIdAsync(System.String,System.Threading.CancellationToken)
DA:204,0
DA:205,0
DA:206,0
FN:174,System.Void MyAssistant.Apis.Expenses.Api.Resources.Investments.MongoDbPortfoliosRepository::.ctor(Microsoft.Extensions.Options.IOptions`1<Library.MongoDb.Configuration.DbConfigurationSettings>)
FNDA:0,System.Void MyAssistant.Apis.Expenses.Api.Resources.Investments.MongoDbPortfoliosRepository::.ctor(Microsoft.Extensions.Options.IOptions`1<Library.MongoDb.Configuration.DbConfigurationSettings>)
DA:175,0
DA:176,0
DA:177,0
FN:215,System.Threading.Tasks.Task MyAssistant.Apis.Expenses.Api.Resources.Investments.MongoDbInvestmentsRepository::AddAsync(MyAssistant.Apis.Expenses.Api.Resources.Investments.Investment,System.Threading.CancellationToken)
FNDA:0,System.Threading.Tasks.Task MyAssistant.Apis.Expenses.Api.Resources.Investments.MongoDbInvestmentsRepository::AddAsync(MyAssistant.Apis.Expenses.Api.Resources.Investments.Investment,System.Threading.CancellationToken)
DA:216,0
DA:217,0
DA:218,0
DA:219,0
DA:220,0
DA:221,0
FN:223,System.Threading.Tasks.Task MyAssistant.Apis.Expenses.Api.Resources.Investments.MongoDbInvestmentsRepository::UpdateAsync(MyAssistant.Apis.Expenses.Api.Resources.Investments.Investment,System.Threading.CancellationToken)
FNDA:0,System.Threading.Tasks.Task MyAssistant.Apis.Expenses.Api.Resources.Investments.MongoDbInvestmentsRepository::UpdateAsync(MyAssistant.Apis.Expenses.Api.Resources.Investments.Investment,System.Threading.CancellationToken)
DA:224,0
DA:225,0
DA:226,0
DA:227,0
FN:229,System.Threading.Tasks.Task MyAssistant.Apis.Expenses.Api.Resources.Investments.MongoDbInvestmentsRepository::DelAsync(System.String,System.Threading.CancellationToken)
FNDA:0,System.Threading.Tasks.Task MyAssistant.Apis.Expenses.Api.Resources.Investments.MongoDbInvestmentsRepository::DelAsync(System.String,System.Threading.CancellationToken)
DA:230,0
DA:231,0
DA:232,0
FN:234,System.Threading.Tasks.Task`1<MyAssistant.Apis.Expenses.Api.Resources.Investments.Investment> MyAssistant.Apis.Expenses.Api.Resources.Investments.MongoDbInvestmentsRepository::GetByIdAsync(System.String,System.Threading.CancellationToken)
FNDA:0,System.Threading.Tasks.Task`1<MyAssistant.Apis.Expenses.Api.Resources.Investments.Investment> MyAssistant.Apis.Expenses.Api.Resources.Investments.MongoDbInvestmentsRepository::GetByIdAsync(System.String,System.Threading.CancellationToken)
DA:235,0
DA:236,0
DA:237,0
FN:239,System.Threading.Tasks.Task`1<System.Collections.Generic.IEnumerable`1<MyAssistant.Apis.Expenses.Api.Resources.Investments.Investment>> MyAssistant.Apis.Expenses.Api.Resources.Investments.MongoDbInvestmentsRepository::GetByPortfolioIdAsync(System.String,System.Threading.CancellationToken)
FNDA:0,System.Threading.Tasks.Task`1<System.Collections.Generic.IEnumerable`1<MyAssistant.Apis.Expenses.Api.Resources.Investments.Investment>> MyAssistant.Apis.Expenses.Api.Resources.Investments.MongoDbInvestmentsRepository::GetByPortfolioIdAsync(System.String,System.Threading.CancellationToken)
DA:240,0
DA:241,0
DA:242,0
FN:210,System.Void MyAssistant.Apis.Expenses.Api.Resources.Investments.MongoDbInvestmentsRepository::.ctor(Microsoft.Extensions.Options.IOptions`1<Library.MongoDb.Configuration.DbConfigurationSettings>)
FNDA:0,System.Void MyAssistant.Apis.Expenses.Api.Resources.Investments.MongoDbInvestmentsRepository::.ctor(Microsoft.Extensions.Options.IOptions`1<Library.MongoDb.Configuration.DbConfigurationSettings>)
DA:211,0
DA:212,0
DA:213,0
LF:129
LH:41
BRF:12
BRH:5
FNF:28
FNH:8
end_of_record
SF:/var/git/MyAssistant/src/expenses-api/Api/Resources/Investments/Requests.cs
FN:11,System.String MyAssistant.Apis.Expenses.Api.Resources.Investments.PortfolioRequest::get_Name()
FNDA:5,System.String MyAssistant.Apis.Expenses.Api.Resources.Investments.PortfolioRequest::get_Name()
DA:12,5
FN:14,System.String MyAssistant.Apis.Expenses.Api.Resources.Investments.PortfolioRequest::get_Description()
FNDA:3,System.String MyAssistant.Apis.Expenses.Api.Resources.Investments.PortfolioRequest::get_Description()
DA:15,3
FN:22,System.String MyAssistant.Apis.Expenses.Api.Resources.Investments.InvestmentRequest::get_PortfolioId()
FNDA:0,System.String MyAssistant.Apis.Expenses.Api.Resources.Investments.InvestmentRequest::get_PortfolioId()
DA:23,0
FN:26,System.String MyAssistant.Apis.Expenses.Api.Resources.Investments.InvestmentRequest::get_AssetType()
FNDA:0,System.String MyAssistant.Apis.Expenses.Api.Resources.Investments.InvestmentRequest::get_AssetType()
DA:27,0
FN:30,System.String MyAssistant.Apis.Expenses.Api.Resources.Investments.InvestmentRequest::get_Symbol()
FNDA:0,System.String MyAssistant.Apis.Expenses.Api.Resources.Investments.InvestmentRequest::get_Symbol()
DA:31,0
FN:34,System.Decimal MyAssistant.Apis.Expenses.Api.Resources.Investments.InvestmentRequest::get_Quantity()
FNDA:0,System.Decimal MyAssistant.Apis.Expenses.Api.Resources.Investments.InvestmentRequest::get_Quantity()
DA:35,0
FN:38,System.Decimal MyAssistant.Apis.Expenses.Api.Resources.Investments.InvestmentRequest::get_PurchasePrice()
FNDA:0,System.Decimal MyAssistant.Apis.Expenses.Api.Resources.Investments.InvestmentRequest::get_PurchasePrice()
DA:39,0
FN:42,System.DateTime MyAssistant.Apis.Expenses.Api.Resources.Investments.InvestmentRequest::get_PurchaseDate()
FNDA:0,System.DateTime MyAssistant.Apis.Expenses.Api.Resources.Investments.InvestmentRequest::get_PurchaseDate()
DA:43,0
FN:45,System.Decimal MyAssistant.Apis.Expenses.Api.Resources.Investments.InvestmentRequest::get_CurrentPrice()
FNDA:0,System.Decimal MyAssistant.Apis.Expenses.Api.Resources.Investments.InvestmentRequest::get_CurrentPrice()
DA:46,0
FN:53,System.Decimal MyAssistant.Apis.Expenses.Api.Resources.Investments.UpdateInvestmentRequest::get_Quantity()
FNDA:0,System.Decimal MyAssistant.Apis.Expenses.Api.Resources.Investments.UpdateInvestmentRequest::get_Quantity()
DA:54,0
FN:57,System.Decimal MyAssistant.Apis.Expenses.Api.Resources.Investments.UpdateInvestmentRequest::get_CurrentPrice()
FNDA:0,System.Decimal MyAssistant.Apis.Expenses.Api.Resources.Investments.UpdateInvestmentRequest::get_CurrentPrice()
DA:58,0
FN:65,System.String MyAssistant.Apis.Expenses.Api.Resources.Investments.TransactionRequest::get_PortfolioId()
FNDA:6,System.String MyAssistant.Apis.Expenses.Api.Resources.Investments.TransactionRequest::get_PortfolioId()
DA:66,6
FN:69,System.String MyAssistant.Apis.Expenses.Api.Resources.Investments.TransactionRequest::get_Symbol()
FNDA:4,System.String MyAssistant.Apis.Expenses.Api.Resources.Investments.TransactionRequest::get_Symbol()
DA:70,4
FN:73,System.String MyAssistant.Apis.Expenses.Api.Resources.Investments.TransactionRequest::get_AssetType()
FNDA:2,System.String MyAssistant.Apis.Expenses.Api.Resources.Investments.TransactionRequest::get_AssetType()
DA:74,2
FN:77,MyAssistant.Apis.Expenses.Api.Resources.Investments.TransactionType MyAssistant.Apis.Expenses.Api.Resources.Investments.TransactionRequest::get_Type()
FNDA:4,MyAssistant.Apis.Expenses.Api.Resources.Investments.TransactionType MyAssistant.Apis.Expenses.Api.Resources.Investments.TransactionRequest::get_Type()
DA:78,4
FN:81,System.Decimal MyAssistant.Apis.Expenses.Api.Resources.Investments.TransactionRequest::get_Quantity()
FNDA:2,System.Decimal MyAssistant.Apis.Expenses.Api.Resources.Investments.TransactionRequest::get_Quantity()
DA:82,2
FN:85,System.Decimal MyAssistant.Apis.Expenses.Api.Resources.Investments.TransactionRequest::get_Price()
FNDA:2,System.Decimal MyAssistant.Apis.Expenses.Api.Resources.Investments.TransactionRequest::get_Price()
DA:86,2
FN:89,System.DateTime MyAssistant.Apis.Expenses.Api.Resources.Investments.TransactionRequest::get_Date()
FNDA:4,System.DateTime MyAssistant.Apis.Expenses.Api.Resources.Investments.TransactionRequest::get_Date()
DA:90,4
FN:92,System.String MyAssistant.Apis.Expenses.Api.Resources.Investments.TransactionRequest::get_Notes()
FNDA:1,System.String MyAssistant.Apis.Expenses.Api.Resources.Investments.TransactionRequest::get_Notes()
DA:93,1
LF:19
LH:10
BRF:0
BRH:0
FNF:19
FNH:10
end_of_record
SF:/var/git/MyAssistant/src/expenses-api/Api/Resources/Investments/Responses.cs
FN:10,System.String MyAssistant.Apis.Expenses.Api.Resources.Investments.PortfolioResponse::get_Id()
FNDA:6,System.String MyAssistant.Apis.Expenses.Api.Resources.Investments.PortfolioResponse::get_Id()
DA:11,6
FN:13,System.String MyAssistant.Apis.Expenses.Api.Resources.Investments.PortfolioResponse::get_Name()
FNDA:7,System.String MyAssistant.Apis.Expenses.Api.Resources.Investments.PortfolioResponse::get_Name()
DA:14,7
FN:16,System.String MyAssistant.Apis.Expenses.Api.Resources.Investments.PortfolioResponse::get_Description()
FNDA:6,System.String MyAssistant.Apis.Expenses.Api.Resources.Investments.PortfolioResponse::get_Description()
DA:17,6
FN:19,System.DateTime MyAssistant.Apis.Expenses.Api.Resources.Investments.PortfolioResponse::get_CreatedAt()
FNDA:5,System.DateTime MyAssistant.Apis.Expenses.Api.Resources.Investments.PortfolioResponse::get_CreatedAt()
DA:20,5
FN:22,System.DateTime MyAssistant.Apis.Expenses.Api.Resources.Investments.PortfolioResponse::get_UpdatedAt()
FNDA:5,System.DateTime MyAssistant.Apis.Expenses.Api.Resources.Investments.PortfolioResponse::get_UpdatedAt()
DA:23,5
FN:29,System.String MyAssistant.Apis.Expenses.Api.Resources.Investments.InvestmentResponse::get_Id()
FNDA:0,System.String MyAssistant.Apis.Expenses.Api.Resources.Investments.InvestmentResponse::get_Id()
DA:30,0
FN:32,System.String MyAssistant.Apis.Expenses.Api.Resources.Investments.InvestmentResponse::get_PortfolioId()
FNDA:0,System.String MyAssistant.Apis.Expenses.Api.Resources.Investments.InvestmentResponse::get_PortfolioId()
DA:33,0
FN:35,System.String MyAssistant.Apis.Expenses.Api.Resources.Investments.InvestmentResponse::get_AssetType()
FNDA:0,System.String MyAssistant.Apis.Expenses.Api.Resources.Investments.InvestmentResponse::get_AssetType()
DA:36,0
FN:38,System.String MyAssistant.Apis.Expenses.Api.Resources.Investments.InvestmentResponse::get_Symbol()
FNDA:0,System.String MyAssistant.Apis.Expenses.Api.Resources.Investments.InvestmentResponse::get_Symbol()
DA:39,0
FN:41,System.Decimal MyAssistant.Apis.Expenses.Api.Resources.Investments.InvestmentResponse::get_Quantity()
FNDA:0,System.Decimal MyAssistant.Apis.Expenses.Api.Resources.Investments.InvestmentResponse::get_Quantity()
DA:42,0
FN:44,System.Decimal MyAssistant.Apis.Expenses.Api.Resources.Investments.InvestmentResponse::get_PurchasePrice()
FNDA:0,System.Decimal MyAssistant.Apis.Expenses.Api.Resources.Investments.InvestmentResponse::get_PurchasePrice()
DA:45,0
FN:47,System.DateTime MyAssistant.Apis.Expenses.Api.Resources.Investments.InvestmentResponse::get_PurchaseDate()
FNDA:0,System.DateTime MyAssistant.Apis.Expenses.Api.Resources.Investments.InvestmentResponse::get_PurchaseDate()
DA:48,0
FN:50,System.Decimal MyAssistant.Apis.Expenses.Api.Resources.Investments.InvestmentResponse::get_CurrentPrice()
FNDA:0,System.Decimal MyAssistant.Apis.Expenses.Api.Resources.Investments.InvestmentResponse::get_CurrentPrice()
DA:51,0
FN:53,System.Decimal MyAssistant.Apis.Expenses.Api.Resources.Investments.InvestmentResponse::get_TotalCost()
FNDA:0,System.Decimal MyAssistant.Apis.Expenses.Api.Resources.Investments.InvestmentResponse::get_TotalCost()
DA:54,0
FN:56,System.Decimal MyAssistant.Apis.Expenses.Api.Resources.Investments.InvestmentResponse::get_TotalValue()
FNDA:0,System.Decimal MyAssistant.Apis.Expenses.Api.Resources.Investments.InvestmentResponse::get_TotalValue()
DA:57,0
FN:59,System.Decimal MyAssistant.Apis.Expenses.Api.Resources.Investments.InvestmentResponse::get_GainLoss()
FNDA:0,System.Decimal MyAssistant.Apis.Expenses.Api.Resources.Investments.InvestmentResponse::get_GainLoss()
DA:60,0
FN:62,System.Decimal MyAssistant.Apis.Expenses.Api.Resources.Investments.InvestmentResponse::get_GainLossPercent()
FNDA:0,System.Decimal MyAssistant.Apis.Expenses.Api.Resources.Investments.InvestmentResponse::get_GainLossPercent()
DA:63,0
BRDA:63,16,0,0
BRDA:63,16,1,0
FN:65,System.DateTime MyAssistant.Apis.Expenses.Api.Resources.Investments.InvestmentResponse::get_CreatedAt()
FNDA:0,System.DateTime MyAssistant.Apis.Expenses.Api.Resources.Investments.InvestmentResponse::get_CreatedAt()
DA:66,0
FN:68,System.DateTime MyAssistant.Apis.Expenses.Api.Resources.Investments.InvestmentResponse::get_UpdatedAt()
FNDA:0,System.DateTime MyAssistant.Apis.Expenses.Api.Resources.Investments.InvestmentResponse::get_UpdatedAt()
DA:69,0
FN:75,System.String MyAssistant.Apis.Expenses.Api.Resources.Investments.PortfolioSummaryResponse::get_PortfolioId()
FNDA:0,System.String MyAssistant.Apis.Expenses.Api.Resources.Investments.PortfolioSummaryResponse::get_PortfolioId()
DA:76,0
FN:78,System.Int32 MyAssistant.Apis.Expenses.Api.Resources.Investments.PortfolioSummaryResponse::get_TotalInvestments()
FNDA:0,System.Int32 MyAssistant.Apis.Expenses.Api.Resources.Investments.PortfolioSummaryResponse::get_TotalInvestments()
DA:79,0
FN:81,System.Decimal MyAssistant.Apis.Expenses.Api.Resources.Investments.PortfolioSummaryResponse::get_TotalCost()
FNDA:0,System.Decimal MyAssistant.Apis.Expenses.Api.Resources.Investments.PortfolioSummaryResponse::get_TotalCost()
DA:82,0
FN:84,System.Decimal MyAssistant.Apis.Expenses.Api.Resources.Investments.PortfolioSummaryResponse::get_TotalValue()
FNDA:0,System.Decimal MyAssistant.Apis.Expenses.Api.Resources.Investments.PortfolioSummaryResponse::get_TotalValue()
DA:85,0
FN:87,System.Decimal MyAssistant.Apis.Expenses.Api.Resources.Investments.PortfolioSummaryResponse::get_GainLoss()
FNDA:0,System.Decimal MyAssistant.Apis.Expenses.Api.Resources.Investments.PortfolioSummaryResponse::get_GainLoss()
DA:88,0
FN:90,System.Decimal MyAssistant.Apis.Expenses.Api.Resources.Investments.PortfolioSummaryResponse::get_GainLossPercent()
FNDA:0,System.Decimal MyAssistant.Apis.Expenses.Api.Resources.Investments.PortfolioSummaryResponse::get_GainLossPercent()
DA:91,0
FN:93,System.Collections.Generic.Dictionary`2<System.String,MyAssistant.Apis.Expenses.Api.Resources.Investments.AssetAllocationItem> MyAssistant.Apis.Expenses.Api.Resources.Investments.PortfolioSummaryResponse::get_AssetAllocation()
FNDA:0,System.Collections.Generic.Dictionary`2<System.String,MyAssistant.Apis.Expenses.Api.Resources.Investments.AssetAllocationItem> MyAssistant.Apis.Expenses.Api.Resources.Investments.PortfolioSummaryResponse::get_AssetAllocation()
DA:94,0
FN:100,System.String MyAssistant.Apis.Expenses.Api.Resources.Investments.TransactionResponse::get_Id()
FNDA:1,System.String MyAssistant.Apis.Expenses.Api.Resources.Investments.TransactionResponse::get_Id()
DA:101,1
FN:103,MyAssistant.Apis.Expenses.Api.Resources.Investments.PortfolioDto MyAssistant.Apis.Expenses.Api.Resources.Investments.TransactionResponse::get_Portfolio()
FNDA:3,MyAssistant.Apis.Expenses.Api.Resources.Investments.PortfolioDto MyAssistant.Apis.Expenses.Api.Resources.Investments.TransactionResponse::get_Portfolio()
DA:104,3
FN:106,System.String MyAssistant.Apis.Expenses.Api.Resources.Investments.TransactionResponse::get_Symbol()
FNDA:2,System.String MyAssistant.Apis.Expenses.Api.Resources.Investments.TransactionResponse::get_Symbol()
DA:107,2
FN:109,System.String MyAssistant.Apis.Expenses.Api.Resources.Investments.TransactionResponse::get_AssetType()
FNDA:1,System.String MyAssistant.Apis.Expenses.Api.Resources.Investments.TransactionResponse::get_AssetType()
DA:110,1
FN:112,MyAssistant.Apis.Expenses.Api.Resources.Investments.TransactionType MyAssistant.Apis.Expenses.Api.Resources.Investments.TransactionResponse::get_Type()
FNDA:2,MyAssistant.Apis.Expenses.Api.Resources.Investments.TransactionType MyAssistant.Apis.Expenses.Api.Resources.Investments.TransactionResponse::get_Type()
DA:113,2
FN:115,System.Decimal MyAssistant.Apis.Expenses.Api.Resources.Investments.TransactionResponse::get_Quantity()
FNDA:2,System.Decimal MyAssistant.Apis.Expenses.Api.Resources.Investments.TransactionResponse::get_Quantity()
DA:116,2
FN:118,System.Decimal MyAssistant.Apis.Expenses.Api.Resources.Investments.TransactionResponse::get_Price()
FNDA:1,System.Decimal MyAssistant.Apis.Expenses.Api.Resources.Investments.TransactionResponse::get_Price()
DA:119,1
FN:121,System.DateTime MyAssistant.Apis.Expenses.Api.Resources.Investments.TransactionResponse::get_Date()
FNDA:1,System.DateTime MyAssistant.Apis.Expenses.Api.Resources.Investments.TransactionResponse::get_Date()
DA:122,1
FN:124,System.String MyAssistant.Apis.Expenses.Api.Resources.Investments.TransactionResponse::get_Notes()
FNDA:1,System.String MyAssistant.Apis.Expenses.Api.Resources.Investments.TransactionResponse::get_Notes()
DA:125,1
FN:127,System.DateTime MyAssistant.Apis.Expenses.Api.Resources.Investments.TransactionResponse::get_CreatedAt()
FNDA:1,System.DateTime MyAssistant.Apis.Expenses.Api.Resources.Investments.TransactionResponse::get_CreatedAt()
DA:128,1
FN:130,System.DateTime MyAssistant.Apis.Expenses.Api.Resources.Investments.TransactionResponse::get_UpdatedAt()
FNDA:1,System.DateTime MyAssistant.Apis.Expenses.Api.Resources.Investments.TransactionResponse::get_UpdatedAt()
DA:131,1
FN:137,System.String MyAssistant.Apis.Expenses.Api.Resources.Investments.AssetAllocationItem::get_Type()
FNDA:0,System.String MyAssistant.Apis.Expenses.Api.Resources.Investments.AssetAllocationItem::get_Type()
DA:138,0
FN:140,System.Decimal MyAssistant.Apis.Expenses.Api.Resources.Investments.AssetAllocationItem::get_Value()
FNDA:0,System.Decimal MyAssistant.Apis.Expenses.Api.Resources.Investments.AssetAllocationItem::get_Value()
DA:141,0
FN:143,System.Decimal MyAssistant.Apis.Expenses.Api.Resources.Investments.AssetAllocationItem::get_Percentage()
FNDA:0,System.Decimal MyAssistant.Apis.Expenses.Api.Resources.Investments.AssetAllocationItem::get_Percentage()
DA:144,0
LF:40
LH:16
BRF:2
BRH:0
FNF:40
FNH:16
end_of_record
SF:/var/git/MyAssistant/src/expenses-api/Api/Resources/Investments/Service.cs
FN:38,System.Threading.Tasks.Task`1<System.Collections.Generic.IEnumerable`1<MyAssistant.Apis.Expenses.Api.Resources.Investments.Portfolio>> MyAssistant.Apis.Expenses.Api.Resources.Investments.PortfoliosService::GetUserPortfoliosAsync(System.String,System.Threading.CancellationToken)
FNDA:1,System.Threading.Tasks.Task`1<System.Collections.Generic.IEnumerable`1<MyAssistant.Apis.Expenses.Api.Resources.Investments.Portfolio>> MyAssistant.Apis.Expenses.Api.Resources.Investments.PortfoliosService::GetUserPortfoliosAsync(System.String,System.Threading.CancellationToken)
DA:39,1
DA:40,1
DA:41,1
FN:43,System.Threading.Tasks.Task`1<MyAssistant.Apis.Expenses.Api.Resources.Investments.Portfolio> MyAssistant.Apis.Expenses.Api.Resources.Investments.PortfoliosService::GetPortfolioByIdAsync(System.String,System.Threading.CancellationToken)
FNDA:1,System.Threading.Tasks.Task`1<MyAssistant.Apis.Expenses.Api.Resources.Investments.Portfolio> MyAssistant.Apis.Expenses.Api.Resources.Investments.PortfoliosService::GetPortfolioByIdAsync(System.String,System.Threading.CancellationToken)
DA:44,1
DA:45,1
DA:46,1
FN:48,System.Threading.Tasks.Task MyAssistant.Apis.Expenses.Api.Resources.Investments.PortfoliosService::AddPortfolioAsync(MyAssistant.Apis.Expenses.Api.Resources.Investments.Portfolio,System.Threading.CancellationToken)
FNDA:1,System.Threading.Tasks.Task MyAssistant.Apis.Expenses.Api.Resources.Investments.PortfoliosService::AddPortfolioAsync(MyAssistant.Apis.Expenses.Api.Resources.Investments.Portfolio,System.Threading.CancellationToken)
DA:49,1
DA:50,1
DA:51,1
FN:53,System.Threading.Tasks.Task MyAssistant.Apis.Expenses.Api.Resources.Investments.PortfoliosService::UpdatePortfolioAsync(MyAssistant.Apis.Expenses.Api.Resources.Investments.Portfolio,System.Threading.CancellationToken)
FNDA:1,System.Threading.Tasks.Task MyAssistant.Apis.Expenses.Api.Resources.Investments.PortfoliosService::UpdatePortfolioAsync(MyAssistant.Apis.Expenses.Api.Resources.Investments.Portfolio,System.Threading.CancellationToken)
DA:54,1
DA:55,1
DA:56,1
FN:58,System.Threading.Tasks.Task MyAssistant.Apis.Expenses.Api.Resources.Investments.PortfoliosService::DelPortfolioAsync(System.String,System.Threading.CancellationToken)
FNDA:1,System.Threading.Tasks.Task MyAssistant.Apis.Expenses.Api.Resources.Investments.PortfoliosService::DelPortfolioAsync(System.String,System.Threading.CancellationToken)
DA:59,1
DA:60,1
DA:61,1
FN:31,System.Void MyAssistant.Apis.Expenses.Api.Resources.Investments.PortfoliosService::.ctor(MyAssistant.Apis.Expenses.Api.Resources.Investments.IPortfoliosRepository,Microsoft.Extensions.Logging.ILogger`1<MyAssistant.Apis.Expenses.Api.Resources.Investments.PortfoliosService>)
FNDA:5,System.Void MyAssistant.Apis.Expenses.Api.Resources.Investments.PortfoliosService::.ctor(MyAssistant.Apis.Expenses.Api.Resources.Investments.IPortfoliosRepository,Microsoft.Extensions.Logging.ILogger`1<MyAssistant.Apis.Expenses.Api.Resources.Investments.PortfoliosService>)
DA:32,5
DA:33,5
DA:34,5
DA:35,5
DA:36,5
FN:80,System.Threading.Tasks.Task`1<MyAssistant.Apis.Expenses.Api.Resources.Investments.Transaction> MyAssistant.Apis.Expenses.Api.Resources.Investments.TransactionsService::AddTransactionAsync(MyAssistant.Apis.Expenses.Api.Resources.Investments.Transaction,System.Threading.CancellationToken)
FNDA:1,System.Threading.Tasks.Task`1<MyAssistant.Apis.Expenses.Api.Resources.Investments.Transaction> MyAssistant.Apis.Expenses.Api.Resources.Investments.TransactionsService::AddTransactionAsync(MyAssistant.Apis.Expenses.Api.Resources.Investments.Transaction,System.Threading.CancellationToken)
DA:81,1
DA:82,1
DA:83,1
FN:73,System.Void MyAssistant.Apis.Expenses.Api.Resources.Investments.TransactionsService::.ctor(MyAssistant.Apis.Expenses.Api.Resources.Investments.ITransactionsRepository,Microsoft.Extensions.Logging.ILogger`1<MyAssistant.Apis.Expenses.Api.Resources.Investments.TransactionsService>)
FNDA:1,System.Void MyAssistant.Apis.Expenses.Api.Resources.Investments.TransactionsService::.ctor(MyAssistant.Apis.Expenses.Api.Resources.Investments.ITransactionsRepository,Microsoft.Extensions.Logging.ILogger`1<MyAssistant.Apis.Expenses.Api.Resources.Investments.TransactionsService>)
DA:74,1
DA:75,1
DA:76,1
DA:77,1
DA:78,1
FN:97,System.Threading.Tasks.Task`1<System.Collections.Generic.IEnumerable`1<MyAssistant.Apis.Expenses.Api.Resources.Investments.Investment>> MyAssistant.Apis.Expenses.Api.Resources.Investments.InvestmentsService::GetPortfolioInvestmentsAsync(System.String,System.Threading.CancellationToken)
FNDA:0,System.Threading.Tasks.Task`1<System.Collections.Generic.IEnumerable`1<MyAssistant.Apis.Expenses.Api.Resources.Investments.Investment>> MyAssistant.Apis.Expenses.Api.Resources.Investments.InvestmentsService::GetPortfolioInvestmentsAsync(System.String,System.Threading.CancellationToken)
DA:98,0
DA:99,0
DA:100,0
FN:102,System.Threading.Tasks.Task`1<MyAssistant.Apis.Expenses.Api.Resources.Investments.Investment> MyAssistant.Apis.Expenses.Api.Resources.Investments.InvestmentsService::GetInvestmentByIdAsync(System.String,System.Threading.CancellationToken)
FNDA:0,System.Threading.Tasks.Task`1<MyAssistant.Apis.Expenses.Api.Resources.Investments.Investment> MyAssistant.Apis.Expenses.Api.Resources.Investments.InvestmentsService::GetInvestmentByIdAsync(System.String,System.Threading.CancellationToken)
DA:103,0
DA:104,0
DA:105,0
FN:107,System.Threading.Tasks.Task MyAssistant.Apis.Expenses.Api.Resources.Investments.InvestmentsService::AddInvestmentAsync(MyAssistant.Apis.Expenses.Api.Resources.Investments.Investment,System.Threading.CancellationToken)
FNDA:0,System.Threading.Tasks.Task MyAssistant.Apis.Expenses.Api.Resources.Investments.InvestmentsService::AddInvestmentAsync(MyAssistant.Apis.Expenses.Api.Resources.Investments.Investment,System.Threading.CancellationToken)
DA:108,0
DA:109,0
DA:110,0
FN:112,System.Threading.Tasks.Task MyAssistant.Apis.Expenses.Api.Resources.Investments.InvestmentsService::UpdateInvestmentAsync(MyAssistant.Apis.Expenses.Api.Resources.Investments.Investment,System.Threading.CancellationToken)
FNDA:0,System.Threading.Tasks.Task MyAssistant.Apis.Expenses.Api.Resources.Investments.InvestmentsService::UpdateInvestmentAsync(MyAssistant.Apis.Expenses.Api.Resources.Investments.Investment,System.Threading.CancellationToken)
DA:113,0
DA:114,0
DA:115,0
FN:117,System.Threading.Tasks.Task MyAssistant.Apis.Expenses.Api.Resources.Investments.InvestmentsService::DelInvestmentAsync(System.String,System.Threading.CancellationToken)
FNDA:0,System.Threading.Tasks.Task MyAssistant.Apis.Expenses.Api.Resources.Investments.InvestmentsService::DelInvestmentAsync(System.String,System.Threading.CancellationToken)
DA:118,0
DA:119,0
DA:120,0
FN:90,System.Void MyAssistant.Apis.Expenses.Api.Resources.Investments.InvestmentsService::.ctor(MyAssistant.Apis.Expenses.Api.Resources.Investments.IInvestmentsRepository,Microsoft.Extensions.Logging.ILogger`1<MyAssistant.Apis.Expenses.Api.Resources.Investments.InvestmentsService>)
FNDA:0,System.Void MyAssistant.Apis.Expenses.Api.Resources.Investments.InvestmentsService::.ctor(MyAssistant.Apis.Expenses.Api.Resources.Investments.IInvestmentsRepository,Microsoft.Extensions.Logging.ILogger`1<MyAssistant.Apis.Expenses.Api.Resources.Investments.InvestmentsService>)
DA:91,0
DA:92,0
DA:93,0
DA:94,0
DA:95,0
LF:48
LH:28
BRF:0
BRH:0
FNF:14
FNH:8
end_of_record
SF:/var/git/MyAssistant/src/expenses-api/Api/Resources/Investments/Transaction.cs
FN:7,System.String MyAssistant.Apis.Expenses.Api.Resources.Investments.Transaction::get_Id()
FNDA:15,System.String MyAssistant.Apis.Expenses.Api.Resources.Investments.Transaction::get_Id()
DA:8,15
FN:9,MyAssistant.Apis.Expenses.Api.Resources.Investments.PortfolioDto MyAssistant.Apis.Expenses.Api.Resources.Investments.Transaction::get_Portfolio()
FNDA:8,MyAssistant.Apis.Expenses.Api.Resources.Investments.PortfolioDto MyAssistant.Apis.Expenses.Api.Resources.Investments.Transaction::get_Portfolio()
DA:10,8
FN:11,System.String MyAssistant.Apis.Expenses.Api.Resources.Investments.Transaction::get_Symbol()
FNDA:8,System.String MyAssistant.Apis.Expenses.Api.Resources.Investments.Transaction::get_Symbol()
DA:12,8
FN:13,System.String MyAssistant.Apis.Expenses.Api.Resources.Investments.Transaction::get_AssetType()
FNDA:5,System.String MyAssistant.Apis.Expenses.Api.Resources.Investments.Transaction::get_AssetType()
DA:14,5
FN:15,MyAssistant.Apis.Expenses.Api.Resources.Investments.TransactionType MyAssistant.Apis.Expenses.Api.Resources.Investments.Transaction::get_Type()
FNDA:8,MyAssistant.Apis.Expenses.Api.Resources.Investments.TransactionType MyAssistant.Apis.Expenses.Api.Resources.Investments.Transaction::get_Type()
DA:16,8
FN:17,System.Decimal MyAssistant.Apis.Expenses.Api.Resources.Investments.Transaction::get_Quantity()
FNDA:6,System.Decimal MyAssistant.Apis.Expenses.Api.Resources.Investments.Transaction::get_Quantity()
DA:18,6
FN:19,System.Decimal MyAssistant.Apis.Expenses.Api.Resources.Investments.Transaction::get_Price()
FNDA:6,System.Decimal MyAssistant.Apis.Expenses.Api.Resources.Investments.Transaction::get_Price()
DA:20,6
FN:21,System.DateTime MyAssistant.Apis.Expenses.Api.Resources.Investments.Transaction::get_Date()
FNDA:8,System.DateTime MyAssistant.Apis.Expenses.Api.Resources.Investments.Transaction::get_Date()
DA:22,8
FN:23,System.String MyAssistant.Apis.Expenses.Api.Resources.Investments.Transaction::get_Notes()
FNDA:2,System.String MyAssistant.Apis.Expenses.Api.Resources.Investments.Transaction::get_Notes()
DA:24,2
FN:25,System.DateTime MyAssistant.Apis.Expenses.Api.Resources.Investments.Transaction::get_CreatedAt()
FNDA:7,System.DateTime MyAssistant.Apis.Expenses.Api.Resources.Investments.Transaction::get_CreatedAt()
DA:26,7
FN:27,System.DateTime MyAssistant.Apis.Expenses.Api.Resources.Investments.Transaction::get_UpdatedAt()
FNDA:7,System.DateTime MyAssistant.Apis.Expenses.Api.Resources.Investments.Transaction::get_UpdatedAt()
DA:28,7
LF:11
LH:11
BRF:0
BRH:0
FNF:11
FNH:11
end_of_record